Exception at PC 0x00007FFB8A2DE132
Attemped to write at address 0x00007FFC153A4AA4
Printing stacktrace...

[0]  [0x00007FFB8A2DE132]
[1]  [0x00007FFB8A2DE132]
[2]  [0x00007FFB8A2DE194]
[3]  [0x00007FFB89F2D0D7]
[4]  [0x00007FFB89E12BCA]
[5]  [0x00007FFB89E12FD1]
[6]  [0x00007FFB8A2DEB2F]
[7]  [0x00007FFB8A19C19D]
[8]  [0x00007FFB8A195942]
[9]  [0x00007FFB8A195AB5]
[10] (RtlActivateActivationContextUnsafeFast+0x12f) [0x00007FFC90FF869F]
[11] (LdrShutdownProcess+0x176) [0x00007FFC910210A6]
[12] (RtlExitUserProcess+0xad) [0x00007FFC91020C9D]
[13] (ExitProcess+0xb) [0x00007FFC8FC87FAB]
[14] (exit+0x8d) [0x00007FFC90A9D7BD]
[15] (initterm_e+0x25b) [0x00007FFC90A9DE3B]
[16]  [0x00000000004014CD]
[17]  [0x000000000040151B]
[18] (BaseThreadInitThunk+0x1d) [0x00007FFC8FC8257D]
[19] (RtlUserThreadStart+0x28) [0x00007FFC9102AA48]
Done
