Exception at PC 0x00007FF9519AE132
Attemped to write at address 0x00007FF9CB844AA4
Printing stacktrace...

[0]  [0x00007FF9519AE132]
[1]  [0x00007FF9519AE132]
[2]  [0x00007FF9519AE194]
[3]  [0x00007FF9515FD0D7]
[4]  [0x00007FF9514E2BCA]
[5]  [0x00007FF9514E2FD1]
[6]  [0x00007FF9519AEB2F]
[7]  [0x00007FF95186C19D]
[8]  [0x00007FF951865942]
[9]  [0x00007FF951865AB5]
[10] (RtlActivateActivationContextUnsafeFast+0x12f) [0x00007FFA4333869F]
[11] (LdrShutdownProcess+0x176) [0x00007FFA433610A6]
[12] (RtlExitUserProcess+0xad) [0x00007FFA43360C9D]
[13] (ExitProcess+0xb) [0x00007FFA418A7FAB]
[14] (exit+0x8d) [0x00007FFA4159D7BD]
[15] (initterm_e+0x25b) [0x00007FFA4159DE3B]
[16]  [0x00000000004014CD]
[17]  [0x000000000040151B]
[18] (BaseThreadInitThunk+0x1d) [0x00007FFA418A257D]
[19] (RtlUserThreadStart+0x28) [0x00007FFA4336AA48]
Done
